Arguments: 
  /home/daniel/.nvm/versions/node/v16.17.0/bin/node /home/daniel/.nvm/versions/node/v16.17.0/bin/yarn add @typescript-eslint/naming-convention

PATH: 
  /home/daniel/.vscode-server/bin/74b1f979648cc44d385a2286793c226e611f59e7/bin/remote-cli:/home/daniel/.nvm/versions/node/v16.17.0/bin:/home/daniel/.local/share/zinit/polaris/bin:/usr/local/sbin:/usr/local/bin:/usr/sbin:/usr/bin:/sbin:/bin:/usr/games:/usr/local/games:/usr/lib/wsl/lib:/mnt/c/Windows/system32:/mnt/c/Windows:/mnt/c/Windows/System32/Wbem:/mnt/c/Windows/System32/WindowsPowerShell/v1.0/:/mnt/c/Windows/System32/OpenSSH/:/mnt/c/Program Files/Docker/Docker/resources/bin:/mnt/c/ProgramData/DockerDesktop/version-bin:/mnt/c/Users/Administrador/AppData/Local/Microsoft/WindowsApps:/mnt/c/Users/Administrador/AppData/Local/Programs/Microsoft VS Code/bin

Yarn version: 
  1.22.19

Node version: 
  16.17.0

Platform: 
  linux x64

Trace: 
  Error: https://registry.yarnpkg.com/@typescript-eslint%2fnaming-convention: Not found
      at Request.params.callback [as _callback] (/home/daniel/.nvm/versions/node/v16.17.0/lib/node_modules/yarn/lib/cli.js:66145:18)
      at Request.self.callback (/home/daniel/.nvm/versions/node/v16.17.0/lib/node_modules/yarn/lib/cli.js:140890:22)
      at Request.emit (node:events:513:28)
      at Request.<anonymous> (/home/daniel/.nvm/versions/node/v16.17.0/lib/node_modules/yarn/lib/cli.js:141862:10)
      at Request.emit (node:events:513:28)
      at IncomingMessage.<anonymous> (/home/daniel/.nvm/versions/node/v16.17.0/lib/node_modules/yarn/lib/cli.js:141784:12)
      at Object.onceWrapper (node:events:627:28)
      at IncomingMessage.emit (node:events:525:35)
      at endReadableNT (node:internal/streams/readable:1358:12)
      at processTicksAndRejections (node:internal/process/task_queues:83:21)

npm manifest: 
  {
    "name": "senseilucas",
    "version": "1.0.0",
    "main": "src/shared/server.ts",
    "license": "MIT",
    "scripts": {
      "dev": "ts-node-dev --inspect --transpile-only --ignore-watch node_modules --respawn --poll --exit-child src/shared/server.ts"
    },
    "dependencies": {
      "@babel/core": "^7.18.9",
      "@prisma/client": "^4.3.1",
      "@types/cors": "^2.8.12",
      "@types/node": "*",
      "bcrypt": "^5.0.1",
      "cors": "^2.8.5",
      "csv-parse": "^5.3.0",
      "dotenv": "^16.0.2",
      "express": "^4.18.1",
      "express-async-errors": "^3.1.1",
      "express-async-handler": "^1.2.0",
      "jsonwebtoken": "^8.5.1",
      "multer": "^1.4.5-lts.1",
      "pg": "^8.7.3",
      "prisma": "^4.3.1",
      "reflect-metadata": "^0.1.13",
      "swagger-ui-express": "^4.5.0",
      "tsyringe": "^4.7.0",
      "uuid": "^8.3.2"
    },
    "devDependencies": {
      "@babel/eslint-parser": "7.18.9",
      "@types/bcrypt": "^5.0.0",
      "@types/express": "^4.17.13",
      "@types/jsonwebtoken": "^8.5.9",
      "@types/multer": "^1.4.7",
      "@types/swagger-ui-express": "^4.1.3",
      "@types/uuid": "^8.3.4",
      "@typescript-eslint/eslint-plugin": "^5.30.7",
      "@typescript-eslint/parser": "^5.30.7",
      "eslint": "^8.20.0",
      "eslint-config-airbnb-base": "^15.0.0",
      "eslint-config-prettier": "^8.5.0",
      "eslint-import-resolver-typescript": "^3.2.7",
      "eslint-plugin-import": "^2.26.0",
      "eslint-plugin-import-helpers": "^1.2.1",
      "eslint-plugin-prettier": "^4.2.1",
      "prettier": "^2.7.1",
      "ts-node-dev": "^2.0.0",
      "typescript": "^4.7.4"
    }
  }

yarn manifest: 
  No manifest

Lockfile: 
  No lockfile
